/*C22*/SET SCHEMA PUBLIC
INSERT INTO TRANSACTION VALUES('907f64d9-aed2-4cb6-add3-d5fd3a49ec04',5848,'pqqqq \ud83d\ude2d','2022-01-23 21:27:17.013000',50.00)
COMMIT
INSERT INTO TRANSACTION VALUES('e38a396b-1f0e-4203-9b7e-f3b8a4695d2f',5848,'pqqqq \ud83d\ude2d','2022-01-23 21:29:37.667000',50.00)
COMMIT
INSERT INTO TRANSACTION VALUES('570c91e7-cae0-4465-847f-ce912cf27962',48895,'funcionou\ud83d\ude0d','2022-01-23 21:45:44.615000',1111.00)
COMMIT
/*C29*/SET SCHEMA PUBLIC
DISCONNECT
/*C26*/SET SCHEMA PUBLIC
DISCONNECT
/*C22*/DISCONNECT
/*C25*/SET SCHEMA PUBLIC
DISCONNECT
/*C24*/SET SCHEMA PUBLIC
DISCONNECT
/*C27*/SET SCHEMA PUBLIC
DISCONNECT
/*C31*/SET SCHEMA PUBLIC
DISCONNECT
/*C30*/SET SCHEMA PUBLIC
DISCONNECT
/*C28*/SET SCHEMA PUBLIC
DISCONNECT
/*C23*/SET SCHEMA PUBLIC
DISCONNECT
